Qflow DRC logfile created on Mon Jun 27 18:32:01 IST 2022
magic -dnull -noconsole  /home/vlsi/Desktop/Watchdog/layout/run_drc_Watchdog.tcl

Magic 8.3 revision 50 - Compiled on Thu Jun 23 20:40:54 IST 2022.
Starting magic under Tcl interpreter
Using the terminal as the console.
Using NULL graphics device.
Processing system .magicrc file
Input style lambda=0.10(p): scaleFactor=10, multiplier=1
Contact size value ignored (using GDS generation rules).
Contact size value ignored (using GDS generation rules).
Contact size value ignored (using GDS generation rules).
Contact size value ignored (using GDS generation rules).
Contact size value ignored (using GDS generation rules).
Contact size value ignored (using GDS generation rules).
Loading "/home/vlsi/Desktop/Watchdog/layout/run_drc_Watchdog.tcl" from command line.
Reading LEF data from file /usr/local/share/qflow/tech/osu018/osu018_stdcells.lef.
This action cannot be undone.
LEF read, Line 16 (Message): Unknown keyword "OBS" in LEF file; ignoring.
LEF read, Line 17 (Message): Unknown keyword "PIN" in LEF file; ignoring.
LEF read: Processed 2941 lines.
Processing timestamp mismatches: DFFPOSX1, AND2X2, FILL, OR2X2, AOI21X1, BUFX2, NAND2X1, NOR2X1, NAND3X1, INVX1.
drc = 0
DRC checking script ended on Mon Jun 27 18:32:01 IST 2022
