Qflow placement logfile created on Mon Jun 27 18:31:46 IST 2022
Running blif2cel to generate input files for graywolf
blif2cel.tcl --blif /home/vlsi/Desktop/Watchdog/synthesis/Watchdog.blif  --lef  /usr/local/share/qflow/tech/osu018/osu018_stdcells.lef --cel /home/vlsi/Desktop/Watchdog/layout/Watchdog.cel 
Opened BLIF file (/home/vlsi/Desktop/Watchdog/synthesis/Watchdog.blif) for reading ...
Opened CEL file (/home/vlsi/Desktop/Watchdog/layout/Watchdog.cel) for writing...
Loaded /usr/local/share/qflow/tech/osu018/osu018_stdcells.lef file for reading...
1st pass of blif file /home/vlsi/Desktop/Watchdog/synthesis/Watchdog.blif. . .
Reading macros and/or technology data from LEF file. . .
LEF file specifies route layer Y pitch as 1
LEF file specifies route layer X pitch as 0.8
Parsing macro AND2X2
Parsing macro AOI21X1
Parsing macro BUFX2
Parsing macro DFFPOSX1
Parsing macro INVX1
Parsing macro NAND2X1
Parsing macro NAND3X1
Parsing macro NOR2X1
Parsing macro OR2X2
2nd pass of blif file. . .
3rd pass of blif file. . .
Done!
No Watchdog.cel1 file found for project. . . no partial blockages to apply to layout.
Preparing pin placement hints from Watchdog.cel2
Running GrayWolf placement
graywolf  Watchdog

twflow version:2.1 date:Mon May 25 21:15:08 EDT 1992
Authors: Bill Swartz, Carl Sechen
         Yale University

syntax version:v1.1 date:Mon May 25 21:11:10 EDT 1992
TimberWolf System Syntax Checker
Authors: Carl Sechen, Kai-Win Lee, Bill Swartz,
         Dahe Chen, and Jimmy Lam
         Yale University

No syntax errors were found

syntax terminated normally with no errors and 0 warning[s]


----------------------------
Total stdcells     :30
Total cell width   :1.13e+04
Total cell height  :3.00e+04
Total cell area    :1.13e+07
Total core area    :1.13e+07
Average cell height:1.00e+03


nocut - replacement for Mincut version:v1.0 date:Mon May 25 21:09:40 EDT 1992
TimberWolf System Floorplan Setup Program
Authors: Carl Sechen, Bill Swartz,
         Yale University

Splitting Watchdog.cel into Watchdog.scel and Watchdog.mcel...
	done!


nocut - replacement for Mincut terminated normally with no errors and 0 warning[s]


TimberWolfMC version:v2.2 date:Mon May 25 21:18:34 EDT 1992
Authors: Carl Sechen, Bill Swartz, Kai-Win Lee
         Dahe Chen, and Jimmy Lam
         Yale University

config version:v1.0 date:Mon May 25 20:57:18 EDT 1992
Row configuration program
    Yale University


config switches:
	Graphics mode on
	config will inherit window



config terminated normally with no errors and 0 warning[s]


TimberWolfMC terminated normally with no errors and 0 warning[s]



TimberWolfSC switches:
	Graphics mode on
	TimberWolfSC will inherit window

TimberWolfSC version:v6.0 date:Mon May 25 21:19:07 EDT 1992
Row-Based Placement and Global Routing Program
Authors: Carl Sechen, Kai-Win Lee, and Bill Swartz,
         Yale University
  0 
  1   2   3   4   5   6   7   8   9  10  11  12  13  14  15 
 16  17  18  19  20  21  22  23  24  25  26  27  28  29  30 
 31  32  33  34  35  36  37  38  39  40  41  42  43  44  45 
 46  47  48  49  50  51  52  53  54  55  56  57  58  59  60 
 61  62  63  64  65  66  67  68  69  70  71  72  73  74  75 
 76  77  78  79  80  81  82  83  84  85  86  87  88  89  90 
 91  92  93  94  95  96  97  98  99 100 101 102 103 104 105 
106 107 108 109 110 111 112 113 114 115 116 117 118 119 120 
121 122 123 124 125 126 127 128 129 130 131 132 133 134 135 
136 137 138 139 140 141 142 143 144 145 146 147 148 149 150 
151 152 153 154 155 156 157 158 
 block left edge is at -239
 the longest block length is 3840
 building the steiner trees
 rebuilding the steiner tree

----start doing coarse global routing ------ 
 ITERATION  1

  longest Row is:3   Its length is:3840
 doing feed-through pins assignment
 building the net-tree now !
 set up the global routing grids
 the starting value of tracks =   14
 removing redundant feed-through pins
 the connectivity of all the nets is verified

 block left edge is at -239
 the longest block length is 3840
 building the steiner trees
 rebuilding the steiner tree

----start doing coarse global routing ------ 
 ITERATION  1

  longest Row is:3   Its length is:3840
 doing feed-through pins assignment
 building the net-tree now !
 set up the global routing grids
 the starting value of tracks =   14
 removing redundant feed-through pins
 the connectivity of all the nets is verified

 block left edge is at -239
 the longest block length is 3840
 building the steiner trees
 rebuilding the steiner tree

----start doing coarse global routing ------ 
 ITERATION  1

  longest Row is:3   Its length is:3840
 doing feed-through pins assignment
 building the net-tree now !
 set up the global routing grids
 the starting value of tracks =   14
 removing redundant feed-through pins
 the connectivity of all the nets is verified

 block left edge is at -239
 the longest block length is 3840
 building the steiner trees
 rebuilding the steiner tree

----start doing coarse global routing ------ 
 ITERATION  1

  longest Row is:3   Its length is:3840
 doing feed-through pins assignment
 building the net-tree now !
 set up the global routing grids
 the starting value of tracks =   17
 removing redundant feed-through pins
 the connectivity of all the nets is verified

 block left edge is at -239
 the longest block length is 3840
 building the steiner trees
 rebuilding the steiner tree

----start doing coarse global routing ------ 
 ITERATION  1

  longest Row is:3   Its length is:3840
 doing feed-through pins assignment
 building the net-tree now !
 set up the global routing grids
 the starting value of tracks =   13
 removing redundant feed-through pins
 the connectivity of all the nets is verified

 block left edge is at -239
 the longest block length is 3840
 building the steiner trees
 rebuilding the steiner tree

----start doing coarse global routing ------ 
 ITERATION  1

  longest Row is:3   Its length is:3840
 doing feed-through pins assignment
 building the net-tree now !
 set up the global routing grids
 the starting value of tracks =   14
 removing redundant feed-through pins
 the connectivity of all the nets is verified

 block left edge is at -239
 the longest block length is 3840
 building the steiner trees
 rebuilding the steiner tree

----start doing coarse global routing ------ 
 ITERATION  1

  longest Row is:3   Its length is:3840
 doing feed-through pins assignment
 building the net-tree now !
 set up the global routing grids
 the starting value of tracks =   15
 removing redundant feed-through pins
 the connectivity of all the nets is verified

 block left edge is at -239
 the longest block length is 3840
 building the steiner trees
 rebuilding the steiner tree

----start doing coarse global routing ------ 
 ITERATION  1

  longest Row is:3   Its length is:3840
 doing feed-through pins assignment
 building the net-tree now !
 set up the global routing grids
 the starting value of tracks =   16
 removing redundant feed-through pins
 the connectivity of all the nets is verified


***********************************************
*ACTUAL* FINAL NUMBER OF ROUTING TRACKS: 12
***********************************************


TimberWolfSC terminated normally with no errors and 0 warning[s]


twflow terminated normally with no errors and 0 warning[s]

Running getfillcell to determine cell to use for fill.
getfillcell.tcl Watchdog  /usr/local/share/qflow/tech/osu018/osu018_stdcells.lef FILL
Using cell FILL for fill
Running place2def to translate graywolf output to DEF format.
place2def.tcl Watchdog FILL 
Running place2def.tcl
DEF database: 100 units per micron
Limits: xbot = -535.0 ybot = -200 xtop = 3895.0 ytop = 2800
Core values: 40.0 50.0 3880.0 3050.0
Offsets: 40.0 50.0
6 routing layers
metal1: 32 vertical tracks from 0um with 1um pitch
metal2: 57 vertical tracks from -3.2um with 0.8um pitch
metal3: 32 vertical tracks from 0um with 1um pitch
metal4: 57 vertical tracks from -3.2um with 0.8um pitch
metal5: 32 vertical tracks from 0um with 1um pitch
metal6: 29 vertical tracks from -3.2um with 1.6um pitch
Summary: Total components = 30
  Fill cells  = 0
  Other cells = 30
Done with place2def.tcl
Running addspacers to generate power stripes and align cell right edge
addspacers.tcl  -stripe 2.0 50.0 PG Watchdog  /usr/local/share/qflow/tech/osu018/osu018_stdcells.lef FILL
Reading FILL macros from LEF file.
Reading DEF file Watchdog.def. . .
Number of rows is 3
Longest row has width 38.8 um
addspacers:  No room for stripes, pitch reduced from 4960.0 to 1680.0.
addspacers:  Inserting 2 stripes of width 1.6 um (2.0 um requested)
  Pitch 16.8 um, offset 10.4 um
stretch:  Number of components is 45
Analysis of DEF file:
Number of components = 30
New number of components = 45
Number of rows = 3
Adjusting obstructions for power striping
Done with addspacers.tcl
Running arrangepins to adjust pin positions for optimal routing.
arrangepins.tcl  Watchdog
Reading info file Watchdog.info. . .
Reading DEF file Watchdog.def. . .
Recalculating pin positions
Writing DEF file Watchdog_mod.def. . .
Done with arrangepins.tcl
blifanno.tcl /home/vlsi/Desktop/Watchdog/synthesis/Watchdog.blif Watchdog.def /home/vlsi/Desktop/Watchdog/synthesis/Watchdog_anno.blif
Running blifanno.tcl
Reading DEF file Watchdog.def. . .
Done with blifanno.tcl

Generating RTL verilog and SPICE netlist file in directory
   /home/vlsi/Desktop/Watchdog/synthesis
Files:
   Verilog: /home/vlsi/Desktop/Watchdog/synthesis/Watchdog.rtl.v
   Verilog: /home/vlsi/Desktop/Watchdog/synthesis/Watchdog.rtlnopwr.v
   Verilog: /home/vlsi/Desktop/Watchdog/synthesis/Watchdog.rtlbb.v
   Spice:   /home/vlsi/Desktop/Watchdog/synthesis/Watchdog.spc

Running blif2Verilog.
Running blif2BSpice.
Placement script ended on Mon Jun 27 18:31:50 IST 2022
